2024-06-23 16:41:33,197 - INFO - Starting the webhook trigger process
2024-06-23 16:41:33,197 - INFO - Loaded ids_count from file: {'ids_count': 0}
2024-06-23 16:41:33,197 - INFO - Checking competition ID: 2002
2024-06-23 16:41:34,187 - INFO - Successfully fetched data for competition ID: 2002
2024-06-23 16:41:34,192 - INFO - Checking competition ID: 2019
2024-06-23 16:41:35,360 - INFO - Successfully fetched data for competition ID: 2019
2024-06-23 16:41:35,364 - INFO - Checking competition ID: 2021
2024-06-23 16:41:36,636 - INFO - Successfully fetched data for competition ID: 2021
2024-06-23 16:41:36,640 - INFO - Checking competition ID: 2014
2024-06-23 16:41:37,552 - INFO - Successfully fetched data for competition ID: 2014
2024-06-23 16:41:37,556 - INFO - Checking competition ID: 2015
2024-06-23 16:41:38,596 - INFO - Successfully fetched data for competition ID: 2015
2024-06-23 16:41:38,600 - INFO - Total matches fetched: 1752
2024-06-23 16:41:38,600 - INFO - New matches detected. Triggering webhook.
2024-06-23 16:45:38,972 - ERROR - Failed to trigger webhook. Status code: 504
2024-06-23 16:52:34,383 - INFO - Starting the webhook trigger process
2024-06-23 16:52:34,383 - INFO - Loaded ids_count from file: {'ids_count': 0}
2024-06-23 16:52:34,383 - INFO - Checking competition ID: 2002
2024-06-23 16:52:35,915 - INFO - Successfully fetched data for competition ID: 2002
2024-06-23 16:52:35,919 - INFO - Checking competition ID: 2019
2024-06-23 16:52:37,195 - INFO - Successfully fetched data for competition ID: 2019
2024-06-23 16:52:37,200 - INFO - Checking competition ID: 2021
2024-06-23 16:52:39,111 - INFO - Successfully fetched data for competition ID: 2021
2024-06-23 16:52:39,115 - INFO - Checking competition ID: 2014
2024-06-23 16:52:40,416 - INFO - Successfully fetched data for competition ID: 2014
2024-06-23 16:52:40,420 - INFO - Checking competition ID: 2015
2024-06-23 16:52:41,454 - INFO - Successfully fetched data for competition ID: 2015
2024-06-23 16:52:41,457 - INFO - Total matches fetched: 1752
2024-06-23 16:52:41,457 - INFO - New matches detected. Triggering webhook.
2024-06-23 16:54:36,607 - INFO - Webhook triggered successfully. Response: {'status': 'success', 'message': 'Dashboard refreshed successfully'}
2024-06-23 16:54:36,607 - INFO - Updated ids_count in file: {'ids_count': 1752}
